ARM GAS  /tmp/ccmxclkP.s 			page 1


   1              		.cpu cortex-m4
   2              		.eabi_attribute 27, 1
   3              		.eabi_attribute 28, 1
   4              		.eabi_attribute 20, 1
   5              		.eabi_attribute 21, 1
   6              		.eabi_attribute 23, 3
   7              		.eabi_attribute 24, 1
   8              		.eabi_attribute 25, 1
   9              		.eabi_attribute 26, 1
  10              		.eabi_attribute 30, 1
  11              		.eabi_attribute 34, 1
  12              		.eabi_attribute 18, 4
  13              		.file	"gpio.c"
  14              		.text
  15              	.Ltext0:
  16              		.cfi_sections	.debug_frame
  17              		.section	.text.gpio_led_state,"ax",%progbits
  18              		.align	1
  19              		.global	gpio_led_state
  20              		.arch armv7e-m
  21              		.syntax unified
  22              		.thumb
  23              		.thumb_func
  24              		.fpu fpv4-sp-d16
  26              	gpio_led_state:
  27              	.LVL0:
  28              	.LFB130:
  29              		.file 1 "Core/Src/gpio.c"
   1:Core/Src/gpio.c **** /* USER CODE BEGIN Header */
   2:Core/Src/gpio.c **** /**
   3:Core/Src/gpio.c ****   ******************************************************************************
   4:Core/Src/gpio.c ****   * @file    gpio.c
   5:Core/Src/gpio.c ****   * @brief   This file provides code for the configuration
   6:Core/Src/gpio.c ****   *          of all used GPIO pins.
   7:Core/Src/gpio.c ****   ******************************************************************************
   8:Core/Src/gpio.c ****   * @attention
   9:Core/Src/gpio.c ****   *
  10:Core/Src/gpio.c ****   * Copyright (c) 2022 STMicroelectronics.
  11:Core/Src/gpio.c ****   * All rights reserved.
  12:Core/Src/gpio.c ****   *
  13:Core/Src/gpio.c ****   * This software is licensed under terms that can be found in the LICENSE file
  14:Core/Src/gpio.c ****   * in the root directory of this software component.
  15:Core/Src/gpio.c ****   * If no LICENSE file comes with this software, it is provided AS-IS.
  16:Core/Src/gpio.c ****   *
  17:Core/Src/gpio.c ****   ******************************************************************************
  18:Core/Src/gpio.c ****   */
  19:Core/Src/gpio.c **** /* USER CODE END Header */
  20:Core/Src/gpio.c **** 
  21:Core/Src/gpio.c **** /* Includes ------------------------------------------------------------------*/
  22:Core/Src/gpio.c **** #include "gpio.h"
  23:Core/Src/gpio.c **** 
  24:Core/Src/gpio.c **** /* USER CODE BEGIN 0 */
  25:Core/Src/gpio.c **** void gpio_led_state (uint8_t LED_ID, uint8_t state) {
  30              		.loc 1 25 53 view -0
  31              		.cfi_startproc
  32              		@ args = 0, pretend = 0, frame = 0
  33              		@ frame_needed = 0, uses_anonymous_args = 0
ARM GAS  /tmp/ccmxclkP.s 			page 2


  34              		.loc 1 25 53 is_stmt 0 view .LVU1
  35 0000 08B5     		push	{r3, lr}
  36              	.LCFI0:
  37              		.cfi_def_cfa_offset 8
  38              		.cfi_offset 3, -8
  39              		.cfi_offset 14, -4
  26:Core/Src/gpio.c **** GPIO_PinState pinState ;
  40              		.loc 1 26 1 is_stmt 1 view .LVU2
  27:Core/Src/gpio.c **** 	pinState = (state == 1) ? GPIO_PIN_SET : GPIO_PIN_RESET;
  41              		.loc 1 27 2 view .LVU3
  42              		.loc 1 27 41 is_stmt 0 view .LVU4
  43 0002 0129     		cmp	r1, #1
  44 0004 14BF     		ite	ne
  45 0006 0022     		movne	r2, #0
  46 0008 0122     		moveq	r2, #1
  47              	.LVL1:
  28:Core/Src/gpio.c **** 	switch(LED_ID) {
  48              		.loc 1 28 2 is_stmt 1 view .LVU5
  49 000a 0128     		cmp	r0, #1
  50 000c 02D0     		beq	.L2
  51 000e 0228     		cmp	r0, #2
  52 0010 06D0     		beq	.L3
  53              	.LVL2:
  54              	.L1:
  29:Core/Src/gpio.c **** 		case LED3_RED_ID:
  30:Core/Src/gpio.c **** 			HAL_GPIO_WritePin (GPIOG, GPIO_PIN_13, pinState);
  31:Core/Src/gpio.c **** 			break;
  32:Core/Src/gpio.c **** 		case LED4_GREEN_ID:
  33:Core/Src/gpio.c **** 			HAL_GPIO_WritePin (GPIOG, GPIO_PIN_14, pinState);
  34:Core/Src/gpio.c **** 			break;
  35:Core/Src/gpio.c **** 	}
  36:Core/Src/gpio.c **** }
  55              		.loc 1 36 1 is_stmt 0 view .LVU6
  56 0012 08BD     		pop	{r3, pc}
  57              	.LVL3:
  58              	.L2:
  30:Core/Src/gpio.c **** 			break;
  59              		.loc 1 30 4 is_stmt 1 view .LVU7
  60 0014 4FF40051 		mov	r1, #8192
  61              	.LVL4:
  30:Core/Src/gpio.c **** 			break;
  62              		.loc 1 30 4 is_stmt 0 view .LVU8
  63 0018 0448     		ldr	r0, .L6
  64              	.LVL5:
  30:Core/Src/gpio.c **** 			break;
  65              		.loc 1 30 4 view .LVU9
  66 001a FFF7FEFF 		bl	HAL_GPIO_WritePin
  67              	.LVL6:
  31:Core/Src/gpio.c **** 		case LED4_GREEN_ID:
  68              		.loc 1 31 4 is_stmt 1 view .LVU10
  69 001e F8E7     		b	.L1
  70              	.LVL7:
  71              	.L3:
  33:Core/Src/gpio.c **** 			break;
  72              		.loc 1 33 4 view .LVU11
  73 0020 4FF48041 		mov	r1, #16384
  74              	.LVL8:
ARM GAS  /tmp/ccmxclkP.s 			page 3


  33:Core/Src/gpio.c **** 			break;
  75              		.loc 1 33 4 is_stmt 0 view .LVU12
  76 0024 0148     		ldr	r0, .L6
  77              	.LVL9:
  33:Core/Src/gpio.c **** 			break;
  78              		.loc 1 33 4 view .LVU13
  79 0026 FFF7FEFF 		bl	HAL_GPIO_WritePin
  80              	.LVL10:
  34:Core/Src/gpio.c **** 	}
  81              		.loc 1 34 4 is_stmt 1 view .LVU14
  82              		.loc 1 36 1 is_stmt 0 view .LVU15
  83 002a F2E7     		b	.L1
  84              	.L7:
  85              		.align	2
  86              	.L6:
  87 002c 00180240 		.word	1073879040
  88              		.cfi_endproc
  89              	.LFE130:
  91              		.section	.text.MX_GPIO_Init,"ax",%progbits
  92              		.align	1
  93              		.global	MX_GPIO_Init
  94              		.syntax unified
  95              		.thumb
  96              		.thumb_func
  97              		.fpu fpv4-sp-d16
  99              	MX_GPIO_Init:
 100              	.LFB131:
  37:Core/Src/gpio.c **** /* USER CODE END 0 */
  38:Core/Src/gpio.c **** 
  39:Core/Src/gpio.c **** /*----------------------------------------------------------------------------*/
  40:Core/Src/gpio.c **** /* Configure GPIO                                                             */
  41:Core/Src/gpio.c **** /*----------------------------------------------------------------------------*/
  42:Core/Src/gpio.c **** /* USER CODE BEGIN 1 */
  43:Core/Src/gpio.c **** 
  44:Core/Src/gpio.c **** /* USER CODE END 1 */
  45:Core/Src/gpio.c **** 
  46:Core/Src/gpio.c **** /** Configure pins as
  47:Core/Src/gpio.c ****         * Analog
  48:Core/Src/gpio.c ****         * Input
  49:Core/Src/gpio.c ****         * Output
  50:Core/Src/gpio.c ****         * EVENT_OUT
  51:Core/Src/gpio.c ****         * EXTI
  52:Core/Src/gpio.c **** */
  53:Core/Src/gpio.c **** void MX_GPIO_Init(void)
  54:Core/Src/gpio.c **** {
 101              		.loc 1 54 1 is_stmt 1 view -0
 102              		.cfi_startproc
 103              		@ args = 0, pretend = 0, frame = 32
 104              		@ frame_needed = 0, uses_anonymous_args = 0
 105 0000 30B5     		push	{r4, r5, lr}
 106              	.LCFI1:
 107              		.cfi_def_cfa_offset 12
 108              		.cfi_offset 4, -12
 109              		.cfi_offset 5, -8
 110              		.cfi_offset 14, -4
 111 0002 89B0     		sub	sp, sp, #36
 112              	.LCFI2:
ARM GAS  /tmp/ccmxclkP.s 			page 4


 113              		.cfi_def_cfa_offset 48
  55:Core/Src/gpio.c **** 
  56:Core/Src/gpio.c ****   GPIO_InitTypeDef GPIO_InitStruct = {0};
 114              		.loc 1 56 3 view .LVU17
 115              		.loc 1 56 20 is_stmt 0 view .LVU18
 116 0004 0024     		movs	r4, #0
 117 0006 0394     		str	r4, [sp, #12]
 118 0008 0494     		str	r4, [sp, #16]
 119 000a 0594     		str	r4, [sp, #20]
 120 000c 0694     		str	r4, [sp, #24]
 121 000e 0794     		str	r4, [sp, #28]
  57:Core/Src/gpio.c **** 
  58:Core/Src/gpio.c ****   /* GPIO Ports Clock Enable */
  59:Core/Src/gpio.c ****   __HAL_RCC_GPIOH_CLK_ENABLE();
 122              		.loc 1 59 3 is_stmt 1 view .LVU19
 123              	.LBB2:
 124              		.loc 1 59 3 view .LVU20
 125 0010 0194     		str	r4, [sp, #4]
 126              		.loc 1 59 3 view .LVU21
 127 0012 144B     		ldr	r3, .L10
 128 0014 1A6B     		ldr	r2, [r3, #48]
 129 0016 42F08002 		orr	r2, r2, #128
 130 001a 1A63     		str	r2, [r3, #48]
 131              		.loc 1 59 3 view .LVU22
 132 001c 1A6B     		ldr	r2, [r3, #48]
 133 001e 02F08002 		and	r2, r2, #128
 134 0022 0192     		str	r2, [sp, #4]
 135              		.loc 1 59 3 view .LVU23
 136 0024 019A     		ldr	r2, [sp, #4]
 137              	.LBE2:
 138              		.loc 1 59 3 view .LVU24
  60:Core/Src/gpio.c ****   __HAL_RCC_GPIOG_CLK_ENABLE();
 139              		.loc 1 60 3 view .LVU25
 140              	.LBB3:
 141              		.loc 1 60 3 view .LVU26
 142 0026 0294     		str	r4, [sp, #8]
 143              		.loc 1 60 3 view .LVU27
 144 0028 1A6B     		ldr	r2, [r3, #48]
 145 002a 42F04002 		orr	r2, r2, #64
 146 002e 1A63     		str	r2, [r3, #48]
 147              		.loc 1 60 3 view .LVU28
 148 0030 1B6B     		ldr	r3, [r3, #48]
 149 0032 03F04003 		and	r3, r3, #64
 150 0036 0293     		str	r3, [sp, #8]
 151              		.loc 1 60 3 view .LVU29
 152 0038 029B     		ldr	r3, [sp, #8]
 153              	.LBE3:
 154              		.loc 1 60 3 view .LVU30
  61:Core/Src/gpio.c **** 
  62:Core/Src/gpio.c ****   /*Configure GPIO pin Output Level */
  63:Core/Src/gpio.c ****   HAL_GPIO_WritePin(GPIOG, LD13_Pin|LD14_Pin, GPIO_PIN_RESET);
 155              		.loc 1 63 3 view .LVU31
 156 003a 0B4D     		ldr	r5, .L10+4
 157 003c 2246     		mov	r2, r4
 158 003e 4FF4C041 		mov	r1, #24576
 159 0042 2846     		mov	r0, r5
 160 0044 FFF7FEFF 		bl	HAL_GPIO_WritePin
ARM GAS  /tmp/ccmxclkP.s 			page 5


 161              	.LVL11:
  64:Core/Src/gpio.c **** 
  65:Core/Src/gpio.c ****   /*Configure GPIO pins : PGPin PGPin */
  66:Core/Src/gpio.c ****   GPIO_InitStruct.Pin = LD13_Pin|LD14_Pin;
 162              		.loc 1 66 3 view .LVU32
 163              		.loc 1 66 23 is_stmt 0 view .LVU33
 164 0048 4FF4C043 		mov	r3, #24576
 165 004c 0393     		str	r3, [sp, #12]
  67:Core/Src/gpio.c ****   GPIO_InitStruct.Mode = GPIO_MODE_OUTPUT_PP;
 166              		.loc 1 67 3 is_stmt 1 view .LVU34
 167              		.loc 1 67 24 is_stmt 0 view .LVU35
 168 004e 0123     		movs	r3, #1
 169 0050 0493     		str	r3, [sp, #16]
  68:Core/Src/gpio.c ****   GPIO_InitStruct.Pull = GPIO_NOPULL;
 170              		.loc 1 68 3 is_stmt 1 view .LVU36
 171              		.loc 1 68 24 is_stmt 0 view .LVU37
 172 0052 0594     		str	r4, [sp, #20]
  69:Core/Src/gpio.c ****   GPIO_InitStruct.Speed = GPIO_SPEED_FREQ_VERY_HIGH;
 173              		.loc 1 69 3 is_stmt 1 view .LVU38
 174              		.loc 1 69 25 is_stmt 0 view .LVU39
 175 0054 0323     		movs	r3, #3
 176 0056 0693     		str	r3, [sp, #24]
  70:Core/Src/gpio.c ****   HAL_GPIO_Init(GPIOG, &GPIO_InitStruct);
 177              		.loc 1 70 3 is_stmt 1 view .LVU40
 178 0058 03A9     		add	r1, sp, #12
 179 005a 2846     		mov	r0, r5
 180 005c FFF7FEFF 		bl	HAL_GPIO_Init
 181              	.LVL12:
  71:Core/Src/gpio.c **** 
  72:Core/Src/gpio.c **** }
 182              		.loc 1 72 1 is_stmt 0 view .LVU41
 183 0060 09B0     		add	sp, sp, #36
 184              	.LCFI3:
 185              		.cfi_def_cfa_offset 12
 186              		@ sp needed
 187 0062 30BD     		pop	{r4, r5, pc}
 188              	.L11:
 189              		.align	2
 190              	.L10:
 191 0064 00380240 		.word	1073887232
 192 0068 00180240 		.word	1073879040
 193              		.cfi_endproc
 194              	.LFE131:
 196              		.text
 197              	.Letext0:
 198              		.file 2 "/usr/lib/gcc/arm-none-eabi/10.3.1/include/stdint.h"
 199              		.file 3 "Drivers/CMSIS/Device/ST/STM32F4xx/Include/stm32f429xx.h"
 200              		.file 4 "Drivers/STM32F4xx_HAL_Driver/Inc/stm32f4xx_hal_gpio.h"
ARM GAS  /tmp/ccmxclkP.s 			page 6


DEFINED SYMBOLS
                            *ABS*:0000000000000000 gpio.c
     /tmp/ccmxclkP.s:18     .text.gpio_led_state:0000000000000000 $t
     /tmp/ccmxclkP.s:26     .text.gpio_led_state:0000000000000000 gpio_led_state
     /tmp/ccmxclkP.s:87     .text.gpio_led_state:000000000000002c $d
     /tmp/ccmxclkP.s:92     .text.MX_GPIO_Init:0000000000000000 $t
     /tmp/ccmxclkP.s:99     .text.MX_GPIO_Init:0000000000000000 MX_GPIO_Init
     /tmp/ccmxclkP.s:191    .text.MX_GPIO_Init:0000000000000064 $d

UNDEFINED SYMBOLS
HAL_GPIO_WritePin
HAL_GPIO_Init
