ARM GAS  /tmp/ccw3vlHt.s 			page 1


   1              		.cpu cortex-m4
   2              		.eabi_attribute 27, 1
   3              		.eabi_attribute 28, 1
   4              		.eabi_attribute 20, 1
   5              		.eabi_attribute 21, 1
   6              		.eabi_attribute 23, 3
   7              		.eabi_attribute 24, 1
   8              		.eabi_attribute 25, 1
   9              		.eabi_attribute 26, 1
  10              		.eabi_attribute 30, 1
  11              		.eabi_attribute 34, 1
  12              		.eabi_attribute 18, 4
  13              		.file	"main.c"
  14              		.text
  15              	.Ltext0:
  16              		.cfi_sections	.debug_frame
  17              		.section	.text.Error_Handler,"ax",%progbits
  18              		.align	1
  19              		.global	Error_Handler
  20              		.arch armv7e-m
  21              		.syntax unified
  22              		.thumb
  23              		.thumb_func
  24              		.fpu fpv4-sp-d16
  26              	Error_Handler:
  27              	.LFB132:
  28              		.file 1 "Core/Src/main.c"
   1:Core/Src/main.c **** /* USER CODE BEGIN Header */
   2:Core/Src/main.c **** /**
   3:Core/Src/main.c ****   ******************************************************************************
   4:Core/Src/main.c ****   * @file           : main.c
   5:Core/Src/main.c ****   * @brief          : Main program body
   6:Core/Src/main.c ****   ******************************************************************************
   7:Core/Src/main.c ****   * @attention
   8:Core/Src/main.c ****   *
   9:Core/Src/main.c ****   * Copyright (c) 2022 STMicroelectronics.
  10:Core/Src/main.c ****   * All rights reserved.
  11:Core/Src/main.c ****   *
  12:Core/Src/main.c ****   * This software is licensed under terms that can be found in the LICENSE file
  13:Core/Src/main.c ****   * in the root directory of this software component.
  14:Core/Src/main.c ****   * If no LICENSE file comes with this software, it is provided AS-IS.
  15:Core/Src/main.c ****   *
  16:Core/Src/main.c ****   ******************************************************************************
  17:Core/Src/main.c ****   */
  18:Core/Src/main.c **** /* USER CODE END Header */
  19:Core/Src/main.c **** /* Includes ------------------------------------------------------------------*/
  20:Core/Src/main.c **** #include "main.h"
  21:Core/Src/main.c **** #include "tim.h"
  22:Core/Src/main.c **** #include "gpio.h"
  23:Core/Src/main.c **** 
  24:Core/Src/main.c **** /* Private includes ----------------------------------------------------------*/
  25:Core/Src/main.c **** /* USER CODE BEGIN Includes */
  26:Core/Src/main.c **** 
  27:Core/Src/main.c **** /* USER CODE END Includes */
  28:Core/Src/main.c **** 
  29:Core/Src/main.c **** /* Private typedef -----------------------------------------------------------*/
  30:Core/Src/main.c **** /* USER CODE BEGIN PTD */
ARM GAS  /tmp/ccw3vlHt.s 			page 2


  31:Core/Src/main.c **** 
  32:Core/Src/main.c **** /* USER CODE END PTD */
  33:Core/Src/main.c **** 
  34:Core/Src/main.c **** /* Private define ------------------------------------------------------------*/
  35:Core/Src/main.c **** /* USER CODE BEGIN PD */
  36:Core/Src/main.c **** #define DELAY_MS   1000
  37:Core/Src/main.c **** /* USER CODE END PD */
  38:Core/Src/main.c **** 
  39:Core/Src/main.c **** /* Private macro -------------------------------------------------------------*/
  40:Core/Src/main.c **** /* USER CODE BEGIN PM */
  41:Core/Src/main.c **** 
  42:Core/Src/main.c **** /* USER CODE END PM */
  43:Core/Src/main.c **** 
  44:Core/Src/main.c **** /* Private variables ---------------------------------------------------------*/
  45:Core/Src/main.c **** 
  46:Core/Src/main.c **** /* USER CODE BEGIN PV */
  47:Core/Src/main.c **** 
  48:Core/Src/main.c **** /* USER CODE END PV */
  49:Core/Src/main.c **** 
  50:Core/Src/main.c **** /* Private function prototypes -----------------------------------------------*/
  51:Core/Src/main.c **** void SystemClock_Config(void);
  52:Core/Src/main.c **** /* USER CODE BEGIN PFP */
  53:Core/Src/main.c **** 
  54:Core/Src/main.c **** /* USER CODE END PFP */
  55:Core/Src/main.c **** 
  56:Core/Src/main.c **** /* Private user code ---------------------------------------------------------*/
  57:Core/Src/main.c **** /* USER CODE BEGIN 0 */
  58:Core/Src/main.c **** 
  59:Core/Src/main.c **** /* USER CODE END 0 */
  60:Core/Src/main.c **** 
  61:Core/Src/main.c **** /**
  62:Core/Src/main.c ****   * @brief  The application entry point.
  63:Core/Src/main.c ****   * @retval int
  64:Core/Src/main.c ****   */
  65:Core/Src/main.c **** 
  66:Core/Src/main.c **** /**
  67:Core/Src/main.c ****   * @brief System Clock Configuration
  68:Core/Src/main.c ****   * @retval None
  69:Core/Src/main.c ****   */
  70:Core/Src/main.c **** void SystemClock_Config(void)
  71:Core/Src/main.c **** {
  72:Core/Src/main.c ****   RCC_OscInitTypeDef RCC_OscInitStruct = {0};
  73:Core/Src/main.c ****   RCC_ClkInitTypeDef RCC_ClkInitStruct = {0};
  74:Core/Src/main.c **** 
  75:Core/Src/main.c ****   /** Configure the main internal regulator output voltage
  76:Core/Src/main.c ****   */
  77:Core/Src/main.c ****   __HAL_RCC_PWR_CLK_ENABLE();
  78:Core/Src/main.c ****   __HAL_PWR_VOLTAGESCALING_CONFIG(PWR_REGULATOR_VOLTAGE_SCALE3);
  79:Core/Src/main.c **** 
  80:Core/Src/main.c ****   /** Initializes the RCC Oscillators according to the specified parameters
  81:Core/Src/main.c ****   * in the RCC_OscInitTypeDef structure.
  82:Core/Src/main.c ****   */
  83:Core/Src/main.c ****   RCC_OscInitStruct.OscillatorType = RCC_OSCILLATORTYPE_HSE;
  84:Core/Src/main.c ****   RCC_OscInitStruct.HSEState = RCC_HSE_ON;
  85:Core/Src/main.c ****   RCC_OscInitStruct.PLL.PLLState = RCC_PLL_ON;
  86:Core/Src/main.c ****   RCC_OscInitStruct.PLL.PLLSource = RCC_PLLSOURCE_HSE;
  87:Core/Src/main.c ****   RCC_OscInitStruct.PLL.PLLM = 4;
ARM GAS  /tmp/ccw3vlHt.s 			page 3


  88:Core/Src/main.c ****   RCC_OscInitStruct.PLL.PLLN = 72;
  89:Core/Src/main.c ****   RCC_OscInitStruct.PLL.PLLP = RCC_PLLP_DIV2;
  90:Core/Src/main.c ****   RCC_OscInitStruct.PLL.PLLQ = 4;
  91:Core/Src/main.c ****   if (HAL_RCC_OscConfig(&RCC_OscInitStruct) != HAL_OK)
  92:Core/Src/main.c ****   {
  93:Core/Src/main.c ****     Error_Handler();
  94:Core/Src/main.c ****   }
  95:Core/Src/main.c **** 
  96:Core/Src/main.c ****   /** Initializes the CPU, AHB and APB buses clocks
  97:Core/Src/main.c ****   */
  98:Core/Src/main.c ****   RCC_ClkInitStruct.ClockType = RCC_CLOCKTYPE_HCLK|RCC_CLOCKTYPE_SYSCLK
  99:Core/Src/main.c ****                               |RCC_CLOCKTYPE_PCLK1|RCC_CLOCKTYPE_PCLK2;
 100:Core/Src/main.c ****   RCC_ClkInitStruct.SYSCLKSource = RCC_SYSCLKSOURCE_PLLCLK;
 101:Core/Src/main.c ****   RCC_ClkInitStruct.AHBCLKDivider = RCC_SYSCLK_DIV1;
 102:Core/Src/main.c ****   RCC_ClkInitStruct.APB1CLKDivider = RCC_HCLK_DIV2;
 103:Core/Src/main.c ****   RCC_ClkInitStruct.APB2CLKDivider = RCC_HCLK_DIV1;
 104:Core/Src/main.c **** 
 105:Core/Src/main.c ****   if (HAL_RCC_ClockConfig(&RCC_ClkInitStruct, FLASH_LATENCY_2) != HAL_OK)
 106:Core/Src/main.c ****   {
 107:Core/Src/main.c ****     Error_Handler();
 108:Core/Src/main.c ****   }
 109:Core/Src/main.c **** }
 110:Core/Src/main.c **** 
 111:Core/Src/main.c **** /* USER CODE BEGIN 4 */
 112:Core/Src/main.c **** int main(void) {
 113:Core/Src/main.c **** 	HAL_Init();
 114:Core/Src/main.c **** 	SystemClock_Config();
 115:Core/Src/main.c **** 	MX_TIM2_Init();
 116:Core/Src/main.c **** 	HAL_TIM_Base_Start_IT(&htim2);
 117:Core/Src/main.c **** 	MX_GPIO_Init();
 118:Core/Src/main.c **** 	while(1) {
 119:Core/Src/main.c **** 		timer2_wait_millisec(1000);
 120:Core/Src/main.c **** 			gpio_led_state(LED3_RED_ID, GPIO_PIN_SET);
 121:Core/Src/main.c **** 			gpio_led_state(LED4_GREEN_ID, GPIO_PIN_RESET);
 122:Core/Src/main.c **** 		
 123:Core/Src/main.c **** 		timer2_wait_millisec(1000);
 124:Core/Src/main.c **** 			gpio_led_state(LED3_RED_ID, GPIO_PIN_RESET);
 125:Core/Src/main.c **** 			gpio_led_state(LED4_GREEN_ID, GPIO_PIN_SET);
 126:Core/Src/main.c **** 	}
 127:Core/Src/main.c **** }
 128:Core/Src/main.c **** /* USER CODE END 4 */
 129:Core/Src/main.c **** 
 130:Core/Src/main.c **** /**
 131:Core/Src/main.c ****   * @brief  This function is executed in case of error occurrence.
 132:Core/Src/main.c ****   * @retval None
 133:Core/Src/main.c ****   */
 134:Core/Src/main.c **** void Error_Handler(void)
 135:Core/Src/main.c **** {
  29              		.loc 1 135 1 view -0
  30              		.cfi_startproc
  31              		@ Volatile: function does not return.
  32              		@ args = 0, pretend = 0, frame = 0
  33              		@ frame_needed = 0, uses_anonymous_args = 0
  34              		@ link register save eliminated.
 136:Core/Src/main.c ****   /* USER CODE BEGIN Error_Handler_Debug */
 137:Core/Src/main.c ****   /* User can add his own implementation to report the HAL error return state */
 138:Core/Src/main.c ****   __disable_irq();
ARM GAS  /tmp/ccw3vlHt.s 			page 4


  35              		.loc 1 138 3 view .LVU1
  36              	.LBB4:
  37              	.LBI4:
  38              		.file 2 "Drivers/CMSIS/Include/cmsis_gcc.h"
   1:Drivers/CMSIS/Include/cmsis_gcc.h **** /**************************************************************************//**
   2:Drivers/CMSIS/Include/cmsis_gcc.h ****  * @file     cmsis_gcc.h
   3:Drivers/CMSIS/Include/cmsis_gcc.h ****  * @brief    CMSIS compiler GCC header file
   4:Drivers/CMSIS/Include/cmsis_gcc.h ****  * @version  V5.0.4
   5:Drivers/CMSIS/Include/cmsis_gcc.h ****  * @date     09. April 2018
   6:Drivers/CMSIS/Include/cmsis_gcc.h ****  ******************************************************************************/
   7:Drivers/CMSIS/Include/cmsis_gcc.h **** /*
   8:Drivers/CMSIS/Include/cmsis_gcc.h ****  * Copyright (c) 2009-2018 Arm Limited. All rights reserved.
   9:Drivers/CMSIS/Include/cmsis_gcc.h ****  *
  10:Drivers/CMSIS/Include/cmsis_gcc.h ****  * SPDX-License-Identifier: Apache-2.0
  11:Drivers/CMSIS/Include/cmsis_gcc.h ****  *
  12:Drivers/CMSIS/Include/cmsis_gcc.h ****  * Licensed under the Apache License, Version 2.0 (the License); you may
  13:Drivers/CMSIS/Include/cmsis_gcc.h ****  * not use this file except in compliance with the License.
  14:Drivers/CMSIS/Include/cmsis_gcc.h ****  * You may obtain a copy of the License at
  15:Drivers/CMSIS/Include/cmsis_gcc.h ****  *
  16:Drivers/CMSIS/Include/cmsis_gcc.h ****  * www.apache.org/licenses/LICENSE-2.0
  17:Drivers/CMSIS/Include/cmsis_gcc.h ****  *
  18:Drivers/CMSIS/Include/cmsis_gcc.h ****  * Unless required by applicable law or agreed to in writing, software
  19:Drivers/CMSIS/Include/cmsis_gcc.h ****  * distributed under the License is distributed on an AS IS BASIS, WITHOUT
  20:Drivers/CMSIS/Include/cmsis_gcc.h ****  * WARRANTIES OR CONDITIONS OF ANY KIND, either express or implied.
  21:Drivers/CMSIS/Include/cmsis_gcc.h ****  * See the License for the specific language governing permissions and
  22:Drivers/CMSIS/Include/cmsis_gcc.h ****  * limitations under the License.
  23:Drivers/CMSIS/Include/cmsis_gcc.h ****  */
  24:Drivers/CMSIS/Include/cmsis_gcc.h **** 
  25:Drivers/CMSIS/Include/cmsis_gcc.h **** #ifndef __CMSIS_GCC_H
  26:Drivers/CMSIS/Include/cmsis_gcc.h **** #define __CMSIS_GCC_H
  27:Drivers/CMSIS/Include/cmsis_gcc.h **** 
  28:Drivers/CMSIS/Include/cmsis_gcc.h **** /* ignore some GCC warnings */
  29:Drivers/CMSIS/Include/cmsis_gcc.h **** #pragma GCC diagnostic push
  30:Drivers/CMSIS/Include/cmsis_gcc.h **** #pragma GCC diagnostic ignored "-Wsign-conversion"
  31:Drivers/CMSIS/Include/cmsis_gcc.h **** #pragma GCC diagnostic ignored "-Wconversion"
  32:Drivers/CMSIS/Include/cmsis_gcc.h **** #pragma GCC diagnostic ignored "-Wunused-parameter"
  33:Drivers/CMSIS/Include/cmsis_gcc.h **** 
  34:Drivers/CMSIS/Include/cmsis_gcc.h **** /* Fallback for __has_builtin */
  35:Drivers/CMSIS/Include/cmsis_gcc.h **** #ifndef __has_builtin
  36:Drivers/CMSIS/Include/cmsis_gcc.h ****   #define __has_builtin(x) (0)
  37:Drivers/CMSIS/Include/cmsis_gcc.h **** #endif
  38:Drivers/CMSIS/Include/cmsis_gcc.h **** 
  39:Drivers/CMSIS/Include/cmsis_gcc.h **** /* CMSIS compiler specific defines */
  40:Drivers/CMSIS/Include/cmsis_gcc.h **** #ifndef   __ASM
  41:Drivers/CMSIS/Include/cmsis_gcc.h ****   #define __ASM                                  __asm
  42:Drivers/CMSIS/Include/cmsis_gcc.h **** #endif
  43:Drivers/CMSIS/Include/cmsis_gcc.h **** #ifndef   __INLINE
  44:Drivers/CMSIS/Include/cmsis_gcc.h ****   #define __INLINE                               inline
  45:Drivers/CMSIS/Include/cmsis_gcc.h **** #endif
  46:Drivers/CMSIS/Include/cmsis_gcc.h **** #ifndef   __STATIC_INLINE
  47:Drivers/CMSIS/Include/cmsis_gcc.h ****   #define __STATIC_INLINE                        static inline
  48:Drivers/CMSIS/Include/cmsis_gcc.h **** #endif
  49:Drivers/CMSIS/Include/cmsis_gcc.h **** #ifndef   __STATIC_FORCEINLINE                 
  50:Drivers/CMSIS/Include/cmsis_gcc.h ****   #define __STATIC_FORCEINLINE                   __attribute__((always_inline)) static inline
  51:Drivers/CMSIS/Include/cmsis_gcc.h **** #endif                                           
  52:Drivers/CMSIS/Include/cmsis_gcc.h **** #ifndef   __NO_RETURN
  53:Drivers/CMSIS/Include/cmsis_gcc.h ****   #define __NO_RETURN                            __attribute__((__noreturn__))
ARM GAS  /tmp/ccw3vlHt.s 			page 5


  54:Drivers/CMSIS/Include/cmsis_gcc.h **** #endif
  55:Drivers/CMSIS/Include/cmsis_gcc.h **** #ifndef   __USED
  56:Drivers/CMSIS/Include/cmsis_gcc.h ****   #define __USED                                 __attribute__((used))
  57:Drivers/CMSIS/Include/cmsis_gcc.h **** #endif
  58:Drivers/CMSIS/Include/cmsis_gcc.h **** #ifndef   __WEAK
  59:Drivers/CMSIS/Include/cmsis_gcc.h ****   #define __WEAK                                 __attribute__((weak))
  60:Drivers/CMSIS/Include/cmsis_gcc.h **** #endif
  61:Drivers/CMSIS/Include/cmsis_gcc.h **** #ifndef   __PACKED
  62:Drivers/CMSIS/Include/cmsis_gcc.h ****   #define __PACKED                               __attribute__((packed, aligned(1)))
  63:Drivers/CMSIS/Include/cmsis_gcc.h **** #endif
  64:Drivers/CMSIS/Include/cmsis_gcc.h **** #ifndef   __PACKED_STRUCT
  65:Drivers/CMSIS/Include/cmsis_gcc.h ****   #define __PACKED_STRUCT                        struct __attribute__((packed, aligned(1)))
  66:Drivers/CMSIS/Include/cmsis_gcc.h **** #endif
  67:Drivers/CMSIS/Include/cmsis_gcc.h **** #ifndef   __PACKED_UNION
  68:Drivers/CMSIS/Include/cmsis_gcc.h ****   #define __PACKED_UNION                         union __attribute__((packed, aligned(1)))
  69:Drivers/CMSIS/Include/cmsis_gcc.h **** #endif
  70:Drivers/CMSIS/Include/cmsis_gcc.h **** #ifndef   __UNALIGNED_UINT32        /* deprecated */
  71:Drivers/CMSIS/Include/cmsis_gcc.h ****   #pragma GCC diagnostic push
  72:Drivers/CMSIS/Include/cmsis_gcc.h ****   #pragma GCC diagnostic ignored "-Wpacked"
  73:Drivers/CMSIS/Include/cmsis_gcc.h ****   #pragma GCC diagnostic ignored "-Wattributes"
  74:Drivers/CMSIS/Include/cmsis_gcc.h ****   struct __attribute__((packed)) T_UINT32 { uint32_t v; };
  75:Drivers/CMSIS/Include/cmsis_gcc.h ****   #pragma GCC diagnostic pop
  76:Drivers/CMSIS/Include/cmsis_gcc.h ****   #define __UNALIGNED_UINT32(x)                  (((struct T_UINT32 *)(x))->v)
  77:Drivers/CMSIS/Include/cmsis_gcc.h **** #endif
  78:Drivers/CMSIS/Include/cmsis_gcc.h **** #ifndef   __UNALIGNED_UINT16_WRITE
  79:Drivers/CMSIS/Include/cmsis_gcc.h ****   #pragma GCC diagnostic push
  80:Drivers/CMSIS/Include/cmsis_gcc.h ****   #pragma GCC diagnostic ignored "-Wpacked"
  81:Drivers/CMSIS/Include/cmsis_gcc.h ****   #pragma GCC diagnostic ignored "-Wattributes"
  82:Drivers/CMSIS/Include/cmsis_gcc.h ****   __PACKED_STRUCT T_UINT16_WRITE { uint16_t v; };
  83:Drivers/CMSIS/Include/cmsis_gcc.h ****   #pragma GCC diagnostic pop
  84:Drivers/CMSIS/Include/cmsis_gcc.h ****   #define __UNALIGNED_UINT16_WRITE(addr, val)    (void)((((struct T_UINT16_WRITE *)(void *)(addr))-
  85:Drivers/CMSIS/Include/cmsis_gcc.h **** #endif
  86:Drivers/CMSIS/Include/cmsis_gcc.h **** #ifndef   __UNALIGNED_UINT16_READ
  87:Drivers/CMSIS/Include/cmsis_gcc.h ****   #pragma GCC diagnostic push
  88:Drivers/CMSIS/Include/cmsis_gcc.h ****   #pragma GCC diagnostic ignored "-Wpacked"
  89:Drivers/CMSIS/Include/cmsis_gcc.h ****   #pragma GCC diagnostic ignored "-Wattributes"
  90:Drivers/CMSIS/Include/cmsis_gcc.h ****   __PACKED_STRUCT T_UINT16_READ { uint16_t v; };
  91:Drivers/CMSIS/Include/cmsis_gcc.h ****   #pragma GCC diagnostic pop
  92:Drivers/CMSIS/Include/cmsis_gcc.h ****   #define __UNALIGNED_UINT16_READ(addr)          (((const struct T_UINT16_READ *)(const void *)(add
  93:Drivers/CMSIS/Include/cmsis_gcc.h **** #endif
  94:Drivers/CMSIS/Include/cmsis_gcc.h **** #ifndef   __UNALIGNED_UINT32_WRITE
  95:Drivers/CMSIS/Include/cmsis_gcc.h ****   #pragma GCC diagnostic push
  96:Drivers/CMSIS/Include/cmsis_gcc.h ****   #pragma GCC diagnostic ignored "-Wpacked"
  97:Drivers/CMSIS/Include/cmsis_gcc.h ****   #pragma GCC diagnostic ignored "-Wattributes"
  98:Drivers/CMSIS/Include/cmsis_gcc.h ****   __PACKED_STRUCT T_UINT32_WRITE { uint32_t v; };
  99:Drivers/CMSIS/Include/cmsis_gcc.h ****   #pragma GCC diagnostic pop
 100:Drivers/CMSIS/Include/cmsis_gcc.h ****   #define __UNALIGNED_UINT32_WRITE(addr, val)    (void)((((struct T_UINT32_WRITE *)(void *)(addr))-
 101:Drivers/CMSIS/Include/cmsis_gcc.h **** #endif
 102:Drivers/CMSIS/Include/cmsis_gcc.h **** #ifndef   __UNALIGNED_UINT32_READ
 103:Drivers/CMSIS/Include/cmsis_gcc.h ****   #pragma GCC diagnostic push
 104:Drivers/CMSIS/Include/cmsis_gcc.h ****   #pragma GCC diagnostic ignored "-Wpacked"
 105:Drivers/CMSIS/Include/cmsis_gcc.h ****   #pragma GCC diagnostic ignored "-Wattributes"
 106:Drivers/CMSIS/Include/cmsis_gcc.h ****   __PACKED_STRUCT T_UINT32_READ { uint32_t v; };
 107:Drivers/CMSIS/Include/cmsis_gcc.h ****   #pragma GCC diagnostic pop
 108:Drivers/CMSIS/Include/cmsis_gcc.h ****   #define __UNALIGNED_UINT32_READ(addr)          (((const struct T_UINT32_READ *)(const void *)(add
 109:Drivers/CMSIS/Include/cmsis_gcc.h **** #endif
 110:Drivers/CMSIS/Include/cmsis_gcc.h **** #ifndef   __ALIGNED
ARM GAS  /tmp/ccw3vlHt.s 			page 6


 111:Drivers/CMSIS/Include/cmsis_gcc.h ****   #define __ALIGNED(x)                           __attribute__((aligned(x)))
 112:Drivers/CMSIS/Include/cmsis_gcc.h **** #endif
 113:Drivers/CMSIS/Include/cmsis_gcc.h **** #ifndef   __RESTRICT
 114:Drivers/CMSIS/Include/cmsis_gcc.h ****   #define __RESTRICT                             __restrict
 115:Drivers/CMSIS/Include/cmsis_gcc.h **** #endif
 116:Drivers/CMSIS/Include/cmsis_gcc.h **** 
 117:Drivers/CMSIS/Include/cmsis_gcc.h **** 
 118:Drivers/CMSIS/Include/cmsis_gcc.h **** /* ###########################  Core Function Access  ########################### */
 119:Drivers/CMSIS/Include/cmsis_gcc.h **** /** \ingroup  CMSIS_Core_FunctionInterface
 120:Drivers/CMSIS/Include/cmsis_gcc.h ****     \defgroup CMSIS_Core_RegAccFunctions CMSIS Core Register Access Functions
 121:Drivers/CMSIS/Include/cmsis_gcc.h ****   @{
 122:Drivers/CMSIS/Include/cmsis_gcc.h ****  */
 123:Drivers/CMSIS/Include/cmsis_gcc.h **** 
 124:Drivers/CMSIS/Include/cmsis_gcc.h **** /**
 125:Drivers/CMSIS/Include/cmsis_gcc.h ****   \brief   Enable IRQ Interrupts
 126:Drivers/CMSIS/Include/cmsis_gcc.h ****   \details Enables IRQ interrupts by clearing the I-bit in the CPSR.
 127:Drivers/CMSIS/Include/cmsis_gcc.h ****            Can only be executed in Privileged modes.
 128:Drivers/CMSIS/Include/cmsis_gcc.h ****  */
 129:Drivers/CMSIS/Include/cmsis_gcc.h **** __STATIC_FORCEINLINE void __enable_irq(void)
 130:Drivers/CMSIS/Include/cmsis_gcc.h **** {
 131:Drivers/CMSIS/Include/cmsis_gcc.h ****   __ASM volatile ("cpsie i" : : : "memory");
 132:Drivers/CMSIS/Include/cmsis_gcc.h **** }
 133:Drivers/CMSIS/Include/cmsis_gcc.h **** 
 134:Drivers/CMSIS/Include/cmsis_gcc.h **** 
 135:Drivers/CMSIS/Include/cmsis_gcc.h **** /**
 136:Drivers/CMSIS/Include/cmsis_gcc.h ****   \brief   Disable IRQ Interrupts
 137:Drivers/CMSIS/Include/cmsis_gcc.h ****   \details Disables IRQ interrupts by setting the I-bit in the CPSR.
 138:Drivers/CMSIS/Include/cmsis_gcc.h ****            Can only be executed in Privileged modes.
 139:Drivers/CMSIS/Include/cmsis_gcc.h ****  */
 140:Drivers/CMSIS/Include/cmsis_gcc.h **** __STATIC_FORCEINLINE void __disable_irq(void)
  39              		.loc 2 140 27 view .LVU2
  40              	.LBB5:
 141:Drivers/CMSIS/Include/cmsis_gcc.h **** {
 142:Drivers/CMSIS/Include/cmsis_gcc.h ****   __ASM volatile ("cpsid i" : : : "memory");
  41              		.loc 2 142 3 view .LVU3
  42              		.syntax unified
  43              	@ 142 "Drivers/CMSIS/Include/cmsis_gcc.h" 1
  44 0000 72B6     		cpsid i
  45              	@ 0 "" 2
  46              		.thumb
  47              		.syntax unified
  48              	.L2:
  49              	.LBE5:
  50              	.LBE4:
 139:Core/Src/main.c ****   while (1)
  51              		.loc 1 139 3 discriminator 1 view .LVU4
 140:Core/Src/main.c ****   {
 141:Core/Src/main.c ****   }
  52              		.loc 1 141 3 discriminator 1 view .LVU5
 139:Core/Src/main.c ****   while (1)
  53              		.loc 1 139 9 discriminator 1 view .LVU6
  54 0002 FEE7     		b	.L2
  55              		.cfi_endproc
  56              	.LFE132:
  58              		.section	.text.SystemClock_Config,"ax",%progbits
  59              		.align	1
  60              		.global	SystemClock_Config
ARM GAS  /tmp/ccw3vlHt.s 			page 7


  61              		.syntax unified
  62              		.thumb
  63              		.thumb_func
  64              		.fpu fpv4-sp-d16
  66              	SystemClock_Config:
  67              	.LFB130:
  71:Core/Src/main.c ****   RCC_OscInitTypeDef RCC_OscInitStruct = {0};
  68              		.loc 1 71 1 view -0
  69              		.cfi_startproc
  70              		@ args = 0, pretend = 0, frame = 80
  71              		@ frame_needed = 0, uses_anonymous_args = 0
  72 0000 00B5     		push	{lr}
  73              	.LCFI0:
  74              		.cfi_def_cfa_offset 4
  75              		.cfi_offset 14, -4
  76 0002 95B0     		sub	sp, sp, #84
  77              	.LCFI1:
  78              		.cfi_def_cfa_offset 88
  72:Core/Src/main.c ****   RCC_ClkInitTypeDef RCC_ClkInitStruct = {0};
  79              		.loc 1 72 3 view .LVU8
  72:Core/Src/main.c ****   RCC_ClkInitTypeDef RCC_ClkInitStruct = {0};
  80              		.loc 1 72 22 is_stmt 0 view .LVU9
  81 0004 3022     		movs	r2, #48
  82 0006 0021     		movs	r1, #0
  83 0008 08A8     		add	r0, sp, #32
  84 000a FFF7FEFF 		bl	memset
  85              	.LVL0:
  73:Core/Src/main.c **** 
  86              		.loc 1 73 3 is_stmt 1 view .LVU10
  73:Core/Src/main.c **** 
  87              		.loc 1 73 22 is_stmt 0 view .LVU11
  88 000e 0023     		movs	r3, #0
  89 0010 0393     		str	r3, [sp, #12]
  90 0012 0493     		str	r3, [sp, #16]
  91 0014 0593     		str	r3, [sp, #20]
  92 0016 0693     		str	r3, [sp, #24]
  93 0018 0793     		str	r3, [sp, #28]
  77:Core/Src/main.c ****   __HAL_PWR_VOLTAGESCALING_CONFIG(PWR_REGULATOR_VOLTAGE_SCALE3);
  94              		.loc 1 77 3 is_stmt 1 view .LVU12
  95              	.LBB6:
  77:Core/Src/main.c ****   __HAL_PWR_VOLTAGESCALING_CONFIG(PWR_REGULATOR_VOLTAGE_SCALE3);
  96              		.loc 1 77 3 view .LVU13
  97 001a 0193     		str	r3, [sp, #4]
  77:Core/Src/main.c ****   __HAL_PWR_VOLTAGESCALING_CONFIG(PWR_REGULATOR_VOLTAGE_SCALE3);
  98              		.loc 1 77 3 view .LVU14
  99 001c 1F4A     		ldr	r2, .L9
 100 001e 116C     		ldr	r1, [r2, #64]
 101 0020 41F08051 		orr	r1, r1, #268435456
 102 0024 1164     		str	r1, [r2, #64]
  77:Core/Src/main.c ****   __HAL_PWR_VOLTAGESCALING_CONFIG(PWR_REGULATOR_VOLTAGE_SCALE3);
 103              		.loc 1 77 3 view .LVU15
 104 0026 126C     		ldr	r2, [r2, #64]
 105 0028 02F08052 		and	r2, r2, #268435456
 106 002c 0192     		str	r2, [sp, #4]
  77:Core/Src/main.c ****   __HAL_PWR_VOLTAGESCALING_CONFIG(PWR_REGULATOR_VOLTAGE_SCALE3);
 107              		.loc 1 77 3 view .LVU16
 108 002e 019A     		ldr	r2, [sp, #4]
ARM GAS  /tmp/ccw3vlHt.s 			page 8


 109              	.LBE6:
  77:Core/Src/main.c ****   __HAL_PWR_VOLTAGESCALING_CONFIG(PWR_REGULATOR_VOLTAGE_SCALE3);
 110              		.loc 1 77 3 view .LVU17
  78:Core/Src/main.c **** 
 111              		.loc 1 78 3 view .LVU18
 112              	.LBB7:
  78:Core/Src/main.c **** 
 113              		.loc 1 78 3 view .LVU19
 114 0030 0293     		str	r3, [sp, #8]
  78:Core/Src/main.c **** 
 115              		.loc 1 78 3 view .LVU20
 116 0032 1B4A     		ldr	r2, .L9+4
 117 0034 1368     		ldr	r3, [r2]
 118 0036 23F44043 		bic	r3, r3, #49152
 119 003a 43F48043 		orr	r3, r3, #16384
 120 003e 1360     		str	r3, [r2]
  78:Core/Src/main.c **** 
 121              		.loc 1 78 3 view .LVU21
 122 0040 1368     		ldr	r3, [r2]
 123 0042 03F44043 		and	r3, r3, #49152
 124 0046 0293     		str	r3, [sp, #8]
  78:Core/Src/main.c **** 
 125              		.loc 1 78 3 view .LVU22
 126 0048 029B     		ldr	r3, [sp, #8]
 127              	.LBE7:
  78:Core/Src/main.c **** 
 128              		.loc 1 78 3 view .LVU23
  83:Core/Src/main.c ****   RCC_OscInitStruct.HSEState = RCC_HSE_ON;
 129              		.loc 1 83 3 view .LVU24
  83:Core/Src/main.c ****   RCC_OscInitStruct.HSEState = RCC_HSE_ON;
 130              		.loc 1 83 36 is_stmt 0 view .LVU25
 131 004a 0123     		movs	r3, #1
 132 004c 0893     		str	r3, [sp, #32]
  84:Core/Src/main.c ****   RCC_OscInitStruct.PLL.PLLState = RCC_PLL_ON;
 133              		.loc 1 84 3 is_stmt 1 view .LVU26
  84:Core/Src/main.c ****   RCC_OscInitStruct.PLL.PLLState = RCC_PLL_ON;
 134              		.loc 1 84 30 is_stmt 0 view .LVU27
 135 004e 4FF48033 		mov	r3, #65536
 136 0052 0993     		str	r3, [sp, #36]
  85:Core/Src/main.c ****   RCC_OscInitStruct.PLL.PLLSource = RCC_PLLSOURCE_HSE;
 137              		.loc 1 85 3 is_stmt 1 view .LVU28
  85:Core/Src/main.c ****   RCC_OscInitStruct.PLL.PLLSource = RCC_PLLSOURCE_HSE;
 138              		.loc 1 85 34 is_stmt 0 view .LVU29
 139 0054 0222     		movs	r2, #2
 140 0056 0E92     		str	r2, [sp, #56]
  86:Core/Src/main.c ****   RCC_OscInitStruct.PLL.PLLM = 4;
 141              		.loc 1 86 3 is_stmt 1 view .LVU30
  86:Core/Src/main.c ****   RCC_OscInitStruct.PLL.PLLM = 4;
 142              		.loc 1 86 35 is_stmt 0 view .LVU31
 143 0058 4FF48003 		mov	r3, #4194304
 144 005c 0F93     		str	r3, [sp, #60]
  87:Core/Src/main.c ****   RCC_OscInitStruct.PLL.PLLN = 72;
 145              		.loc 1 87 3 is_stmt 1 view .LVU32
  87:Core/Src/main.c ****   RCC_OscInitStruct.PLL.PLLN = 72;
 146              		.loc 1 87 30 is_stmt 0 view .LVU33
 147 005e 0423     		movs	r3, #4
 148 0060 1093     		str	r3, [sp, #64]
ARM GAS  /tmp/ccw3vlHt.s 			page 9


  88:Core/Src/main.c ****   RCC_OscInitStruct.PLL.PLLP = RCC_PLLP_DIV2;
 149              		.loc 1 88 3 is_stmt 1 view .LVU34
  88:Core/Src/main.c ****   RCC_OscInitStruct.PLL.PLLP = RCC_PLLP_DIV2;
 150              		.loc 1 88 30 is_stmt 0 view .LVU35
 151 0062 4821     		movs	r1, #72
 152 0064 1191     		str	r1, [sp, #68]
  89:Core/Src/main.c ****   RCC_OscInitStruct.PLL.PLLQ = 4;
 153              		.loc 1 89 3 is_stmt 1 view .LVU36
  89:Core/Src/main.c ****   RCC_OscInitStruct.PLL.PLLQ = 4;
 154              		.loc 1 89 30 is_stmt 0 view .LVU37
 155 0066 1292     		str	r2, [sp, #72]
  90:Core/Src/main.c ****   if (HAL_RCC_OscConfig(&RCC_OscInitStruct) != HAL_OK)
 156              		.loc 1 90 3 is_stmt 1 view .LVU38
  90:Core/Src/main.c ****   if (HAL_RCC_OscConfig(&RCC_OscInitStruct) != HAL_OK)
 157              		.loc 1 90 30 is_stmt 0 view .LVU39
 158 0068 1393     		str	r3, [sp, #76]
  91:Core/Src/main.c ****   {
 159              		.loc 1 91 3 is_stmt 1 view .LVU40
  91:Core/Src/main.c ****   {
 160              		.loc 1 91 7 is_stmt 0 view .LVU41
 161 006a 08A8     		add	r0, sp, #32
 162 006c FFF7FEFF 		bl	HAL_RCC_OscConfig
 163              	.LVL1:
  91:Core/Src/main.c ****   {
 164              		.loc 1 91 6 view .LVU42
 165 0070 80B9     		cbnz	r0, .L7
  98:Core/Src/main.c ****                               |RCC_CLOCKTYPE_PCLK1|RCC_CLOCKTYPE_PCLK2;
 166              		.loc 1 98 3 is_stmt 1 view .LVU43
  98:Core/Src/main.c ****                               |RCC_CLOCKTYPE_PCLK1|RCC_CLOCKTYPE_PCLK2;
 167              		.loc 1 98 31 is_stmt 0 view .LVU44
 168 0072 0F23     		movs	r3, #15
 169 0074 0393     		str	r3, [sp, #12]
 100:Core/Src/main.c ****   RCC_ClkInitStruct.AHBCLKDivider = RCC_SYSCLK_DIV1;
 170              		.loc 1 100 3 is_stmt 1 view .LVU45
 100:Core/Src/main.c ****   RCC_ClkInitStruct.AHBCLKDivider = RCC_SYSCLK_DIV1;
 171              		.loc 1 100 34 is_stmt 0 view .LVU46
 172 0076 0221     		movs	r1, #2
 173 0078 0491     		str	r1, [sp, #16]
 101:Core/Src/main.c ****   RCC_ClkInitStruct.APB1CLKDivider = RCC_HCLK_DIV2;
 174              		.loc 1 101 3 is_stmt 1 view .LVU47
 101:Core/Src/main.c ****   RCC_ClkInitStruct.APB1CLKDivider = RCC_HCLK_DIV2;
 175              		.loc 1 101 35 is_stmt 0 view .LVU48
 176 007a 0023     		movs	r3, #0
 177 007c 0593     		str	r3, [sp, #20]
 102:Core/Src/main.c ****   RCC_ClkInitStruct.APB2CLKDivider = RCC_HCLK_DIV1;
 178              		.loc 1 102 3 is_stmt 1 view .LVU49
 102:Core/Src/main.c ****   RCC_ClkInitStruct.APB2CLKDivider = RCC_HCLK_DIV1;
 179              		.loc 1 102 36 is_stmt 0 view .LVU50
 180 007e 4FF48052 		mov	r2, #4096
 181 0082 0692     		str	r2, [sp, #24]
 103:Core/Src/main.c **** 
 182              		.loc 1 103 3 is_stmt 1 view .LVU51
 103:Core/Src/main.c **** 
 183              		.loc 1 103 36 is_stmt 0 view .LVU52
 184 0084 0793     		str	r3, [sp, #28]
 105:Core/Src/main.c ****   {
 185              		.loc 1 105 3 is_stmt 1 view .LVU53
ARM GAS  /tmp/ccw3vlHt.s 			page 10


 105:Core/Src/main.c ****   {
 186              		.loc 1 105 7 is_stmt 0 view .LVU54
 187 0086 03A8     		add	r0, sp, #12
 188 0088 FFF7FEFF 		bl	HAL_RCC_ClockConfig
 189              	.LVL2:
 105:Core/Src/main.c ****   {
 190              		.loc 1 105 6 view .LVU55
 191 008c 20B9     		cbnz	r0, .L8
 109:Core/Src/main.c **** 
 192              		.loc 1 109 1 view .LVU56
 193 008e 15B0     		add	sp, sp, #84
 194              	.LCFI2:
 195              		.cfi_remember_state
 196              		.cfi_def_cfa_offset 4
 197              		@ sp needed
 198 0090 5DF804FB 		ldr	pc, [sp], #4
 199              	.L7:
 200              	.LCFI3:
 201              		.cfi_restore_state
  93:Core/Src/main.c ****   }
 202              		.loc 1 93 5 is_stmt 1 view .LVU57
 203 0094 FFF7FEFF 		bl	Error_Handler
 204              	.LVL3:
 205              	.L8:
 107:Core/Src/main.c ****   }
 206              		.loc 1 107 5 view .LVU58
 207 0098 FFF7FEFF 		bl	Error_Handler
 208              	.LVL4:
 209              	.L10:
 210              		.align	2
 211              	.L9:
 212 009c 00380240 		.word	1073887232
 213 00a0 00700040 		.word	1073770496
 214              		.cfi_endproc
 215              	.LFE130:
 217              		.section	.text.main,"ax",%progbits
 218              		.align	1
 219              		.global	main
 220              		.syntax unified
 221              		.thumb
 222              		.thumb_func
 223              		.fpu fpv4-sp-d16
 225              	main:
 226              	.LFB131:
 112:Core/Src/main.c **** 	HAL_Init();
 227              		.loc 1 112 16 view -0
 228              		.cfi_startproc
 229              		@ Volatile: function does not return.
 230              		@ args = 0, pretend = 0, frame = 0
 231              		@ frame_needed = 0, uses_anonymous_args = 0
 232 0000 08B5     		push	{r3, lr}
 233              	.LCFI4:
 234              		.cfi_def_cfa_offset 8
 235              		.cfi_offset 3, -8
 236              		.cfi_offset 14, -4
 113:Core/Src/main.c **** 	SystemClock_Config();
 237              		.loc 1 113 2 view .LVU60
ARM GAS  /tmp/ccw3vlHt.s 			page 11


 238 0002 FFF7FEFF 		bl	HAL_Init
 239              	.LVL5:
 114:Core/Src/main.c **** 	MX_TIM2_Init();
 240              		.loc 1 114 2 view .LVU61
 241 0006 FFF7FEFF 		bl	SystemClock_Config
 242              	.LVL6:
 115:Core/Src/main.c **** 	HAL_TIM_Base_Start_IT(&htim2);
 243              		.loc 1 115 2 view .LVU62
 244 000a FFF7FEFF 		bl	MX_TIM2_Init
 245              	.LVL7:
 116:Core/Src/main.c **** 	MX_GPIO_Init();
 246              		.loc 1 116 2 view .LVU63
 247 000e 0F48     		ldr	r0, .L14
 248 0010 FFF7FEFF 		bl	HAL_TIM_Base_Start_IT
 249              	.LVL8:
 117:Core/Src/main.c **** 	while(1) {
 250              		.loc 1 117 2 view .LVU64
 251 0014 FFF7FEFF 		bl	MX_GPIO_Init
 252              	.LVL9:
 253              	.L12:
 118:Core/Src/main.c **** 		timer2_wait_millisec(1000);
 254              		.loc 1 118 2 discriminator 1 view .LVU65
 119:Core/Src/main.c **** 			gpio_led_state(LED3_RED_ID, GPIO_PIN_SET);
 255              		.loc 1 119 3 discriminator 1 view .LVU66
 256 0018 4FF47A70 		mov	r0, #1000
 257 001c FFF7FEFF 		bl	timer2_wait_millisec
 258              	.LVL10:
 120:Core/Src/main.c **** 			gpio_led_state(LED4_GREEN_ID, GPIO_PIN_RESET);
 259              		.loc 1 120 4 discriminator 1 view .LVU67
 260 0020 0121     		movs	r1, #1
 261 0022 0846     		mov	r0, r1
 262 0024 FFF7FEFF 		bl	gpio_led_state
 263              	.LVL11:
 121:Core/Src/main.c **** 		
 264              		.loc 1 121 4 discriminator 1 view .LVU68
 265 0028 0021     		movs	r1, #0
 266 002a 0220     		movs	r0, #2
 267 002c FFF7FEFF 		bl	gpio_led_state
 268              	.LVL12:
 123:Core/Src/main.c **** 			gpio_led_state(LED3_RED_ID, GPIO_PIN_RESET);
 269              		.loc 1 123 3 discriminator 1 view .LVU69
 270 0030 4FF47A70 		mov	r0, #1000
 271 0034 FFF7FEFF 		bl	timer2_wait_millisec
 272              	.LVL13:
 124:Core/Src/main.c **** 			gpio_led_state(LED4_GREEN_ID, GPIO_PIN_SET);
 273              		.loc 1 124 4 discriminator 1 view .LVU70
 274 0038 0021     		movs	r1, #0
 275 003a 0120     		movs	r0, #1
 276 003c FFF7FEFF 		bl	gpio_led_state
 277              	.LVL14:
 125:Core/Src/main.c **** 	}
 278              		.loc 1 125 4 discriminator 1 view .LVU71
 279 0040 0121     		movs	r1, #1
 280 0042 0220     		movs	r0, #2
 281 0044 FFF7FEFF 		bl	gpio_led_state
 282              	.LVL15:
 118:Core/Src/main.c **** 		timer2_wait_millisec(1000);
ARM GAS  /tmp/ccw3vlHt.s 			page 12


 283              		.loc 1 118 7 discriminator 1 view .LVU72
 284 0048 E6E7     		b	.L12
 285              	.L15:
 286 004a 00BF     		.align	2
 287              	.L14:
 288 004c 00000000 		.word	htim2
 289              		.cfi_endproc
 290              	.LFE131:
 292              		.text
 293              	.Letext0:
 294              		.file 3 "/usr/lib/gcc/arm-none-eabi/10.3.1/include/stdint.h"
 295              		.file 4 "Drivers/CMSIS/Device/ST/STM32F4xx/Include/stm32f429xx.h"
 296              		.file 5 "Drivers/STM32F4xx_HAL_Driver/Inc/stm32f4xx_hal_def.h"
 297              		.file 6 "Drivers/STM32F4xx_HAL_Driver/Inc/stm32f4xx_hal_rcc_ex.h"
 298              		.file 7 "Drivers/STM32F4xx_HAL_Driver/Inc/stm32f4xx_hal_rcc.h"
 299              		.file 8 "Drivers/STM32F4xx_HAL_Driver/Inc/stm32f4xx_hal_gpio.h"
 300              		.file 9 "Drivers/STM32F4xx_HAL_Driver/Inc/stm32f4xx_hal_dma.h"
 301              		.file 10 "Drivers/STM32F4xx_HAL_Driver/Inc/stm32f4xx_hal_tim.h"
 302              		.file 11 "Drivers/STM32F4xx_HAL_Driver/Inc/stm32f4xx_hal.h"
 303              		.file 12 "Core/Inc/tim.h"
 304              		.file 13 "Core/Inc/gpio.h"
 305              		.file 14 "<built-in>"
ARM GAS  /tmp/ccw3vlHt.s 			page 13


DEFINED SYMBOLS
                            *ABS*:0000000000000000 main.c
     /tmp/ccw3vlHt.s:18     .text.Error_Handler:0000000000000000 $t
     /tmp/ccw3vlHt.s:26     .text.Error_Handler:0000000000000000 Error_Handler
     /tmp/ccw3vlHt.s:59     .text.SystemClock_Config:0000000000000000 $t
     /tmp/ccw3vlHt.s:66     .text.SystemClock_Config:0000000000000000 SystemClock_Config
     /tmp/ccw3vlHt.s:212    .text.SystemClock_Config:000000000000009c $d
     /tmp/ccw3vlHt.s:218    .text.main:0000000000000000 $t
     /tmp/ccw3vlHt.s:225    .text.main:0000000000000000 main
     /tmp/ccw3vlHt.s:288    .text.main:000000000000004c $d

UNDEFINED SYMBOLS
memset
HAL_RCC_OscConfig
HAL_RCC_ClockConfig
HAL_Init
MX_TIM2_Init
HAL_TIM_Base_Start_IT
MX_GPIO_Init
timer2_wait_millisec
gpio_led_state
htim2
